This is pdfTeX, Version 3.14159265-2.6-1.40.20 (MiKTeX 2.9.7140 64-bit) (preloaded format=pdflatex 2019.8.17)  30 MAR 2020 23:41
entering extended mode
**"./Change of Probability Measure of Normal Variable.tex"
("Change of Probability Measure of Normal Variable.tex"
LaTeX2e <2018-12-01>

("C:\Users\Ali\AppData\Local\Programs\MiKTeX 2.9\tex/latex/extsizes\extarticle.
cls"
Document Class: extarticle 1996/10/08 v1.0 Non Standard LaTeX document class
("C:\Users\Ali\AppData\Local\Programs\MiKTeX 2.9\tex/latex/base\size10.clo"
File: size10.clo 2018/09/03 v1.4i Standard LaTeX file (size option)
)
("C:\Users\Ali\AppData\Local\Programs\MiKTeX 2.9\tex/latex/base\exscale.sty"
Package: exscale 2018/09/24 v2.1i Standard LaTeX package exscale
LaTeX Font Info:    Redeclaring symbol font `largesymbols' on input line 57.
LaTeX Font Info:    Overwriting symbol font `largesymbols' in version `normal'
(Font)                  OMX/cmex/m/n --> OMX/cmex/m/n on input line 57.
LaTeX Font Info:    Overwriting symbol font `largesymbols' in version `bold'
(Font)                  OMX/cmex/m/n --> OMX/cmex/m/n on input line 57.
\big@size=\dimen102
)
\c@part=\count80
\c@section=\count81
\c@subsection=\count82
\c@subsubsection=\count83
\c@paragraph=\count84
\c@subparagraph=\count85
\c@figure=\count86
\c@table=\count87
\abovecaptionskip=\skip41
\belowcaptionskip=\skip42
\bibindent=\dimen103
)
("C:\Users\Ali\AppData\Local\Programs\MiKTeX 2.9\tex/latex/tools\array.sty"
Package: array 2018/12/30 v2.4k Tabular extension package (FMi)
\col@sep=\dimen104
\ar@mcellbox=\box27
\extrarowheight=\dimen105
\NC@list=\toks14
\extratabsurround=\skip43
\backup@length=\skip44
\ar@cellbox=\box28
)
("C:\Users\Ali\AppData\Local\Programs\MiKTeX 2.9\tex/latex/tools\tabularx.sty"
Package: tabularx 2016/02/03 v2.11b `tabularx' package (DPC)
\TX@col@width=\dimen106
\TX@old@table=\dimen107
\TX@old@col=\dimen108
\TX@target=\dimen109
\TX@delta=\dimen110
\TX@cols=\count88
\TX@ftn=\toks15
) (arxiv.sty
("C:\Users\Ali\AppData\Local\Programs\MiKTeX 2.9\tex/latex/geometry\geometry.st
y"
Package: geometry 2018/04/16 v5.8 Page Geometry

("C:\Users\Ali\AppData\Local\Programs\MiKTeX 2.9\tex/latex/graphics\keyval.sty"
Package: keyval 2014/10/28 v1.15 key=value parser (DPC)
\KV@toks@=\toks16
)
("C:\Users\Ali\AppData\Local\Programs\MiKTeX 2.9\tex/generic/oberdiek\ifpdf.sty
"
Package: ifpdf 2018/09/07 v3.3 Provides the ifpdf switch
)
("C:\Users\Ali\AppData\Local\Programs\MiKTeX 2.9\tex/generic/oberdiek\ifvtex.st
y"
Package: ifvtex 2016/05/16 v1.6 Detect VTeX and its facilities (HO)
Package ifvtex Info: VTeX not detected.
)
("C:\Users\Ali\AppData\Local\Programs\MiKTeX 2.9\tex/generic/ifxetex\ifxetex.st
y"
Package: ifxetex 2010/09/12 v0.6 Provides ifxetex conditional
)
\Gm@cnth=\count89
\Gm@cntv=\count90
\c@Gm@tempcnt=\count91
\Gm@bindingoffset=\dimen111
\Gm@wd@mp=\dimen112
\Gm@odd@mp=\dimen113
\Gm@even@mp=\dimen114
\Gm@layoutwidth=\dimen115
\Gm@layoutheight=\dimen116
\Gm@layouthoffset=\dimen117
\Gm@layoutvoffset=\dimen118
\Gm@dimlist=\toks17

("C:\Users\Ali\AppData\Local\Programs\MiKTeX 2.9\tex/latex/geometry\geometry.cf
g"))
("C:\Users\Ali\AppData\Local\Programs\MiKTeX 2.9\tex/latex/fancyhdr\fancyhdr.st
y"
Package: fancyhdr 2019/01/31 v3.10 Extensive control of page headers and footer
s
\f@nch@headwidth=\skip45
\f@nch@O@elh=\skip46
\f@nch@O@erh=\skip47
\f@nch@O@olh=\skip48
\f@nch@O@orh=\skip49
\f@nch@O@elf=\skip50
\f@nch@O@erf=\skip51
\f@nch@O@olf=\skip52
\f@nch@O@orf=\skip53
)
\@abovecaptionskip=\skip54
\@belowcaptionskip=\skip55
)
("C:\Users\Ali\AppData\Local\Programs\MiKTeX 2.9\tex/latex/amsmath\amsmath.sty"
Package: amsmath 2018/12/01 v2.17b AMS math features
\@mathmargin=\skip56
For additional information on amsmath, use the `?' option.
("C:\Users\Ali\AppData\Local\Programs\MiKTeX 2.9\tex/latex/amsmath\amstext.sty"
Package: amstext 2000/06/29 v2.01 AMS text
("C:\Users\Ali\AppData\Local\Programs\MiKTeX 2.9\tex/latex/amsmath\amsgen.sty"
File: amsgen.sty 1999/11/30 v2.0 generic functions
\@emptytoks=\toks18
\ex@=\dimen119
)) ("C:\Users\Ali\AppData\Local\Programs\MiKTeX 2.9\tex/latex/amsmath\amsbsy.st
y"
Package: amsbsy 1999/11/29 v1.2d Bold Symbols
\pmbraise@=\dimen120
) ("C:\Users\Ali\AppData\Local\Programs\MiKTeX 2.9\tex/latex/amsmath\amsopn.sty
"
Package: amsopn 2016/03/08 v2.02 operator names
)
\inf@bad=\count92
LaTeX Info: Redefining \frac on input line 223.
\uproot@=\count93
\leftroot@=\count94
LaTeX Info: Redefining \overline on input line 385.
\classnum@=\count95
\DOTSCASE@=\count96
LaTeX Info: Redefining \ldots on input line 482.
LaTeX Info: Redefining \dots on input line 485.
LaTeX Info: Redefining \cdots on input line 606.
\Mathstrutbox@=\box29
\strutbox@=\box30
\big@size=\dimen121
LaTeX Font Info:    Redeclaring font encoding OML on input line 729.
LaTeX Font Info:    Redeclaring font encoding OMS on input line 730.
\macc@depth=\count97
\c@MaxMatrixCols=\count98
\dotsspace@=\muskip10
\c@parentequation=\count99
\dspbrk@lvl=\count100
\tag@help=\toks19
\row@=\count101
\column@=\count102
\maxfields@=\count103
\andhelp@=\toks20
\eqnshift@=\dimen122
\alignsep@=\dimen123
\tagshift@=\dimen124
\tagwidth@=\dimen125
\totwidth@=\dimen126
\lineht@=\dimen127
\@envbody=\toks21
\multlinegap=\skip57
\multlinetaggap=\skip58
\mathdisplay@stack=\toks22
LaTeX Info: Redefining \[ on input line 2844.
LaTeX Info: Redefining \] on input line 2845.
)
("C:\Users\Ali\AppData\Local\Programs\MiKTeX 2.9\tex/latex/fontawesome\fontawes
ome.sty"
Package: fontawesome 2016/05/15 v4.6.3.1 font awesome icons

("C:\Users\Ali\AppData\Local\Programs\MiKTeX 2.9\tex/generic/oberdiek\ifluatex.
sty"
Package: ifluatex 2016/05/16 v1.4 Provides the ifluatex switch (HO)
Package ifluatex Info: LuaTeX not detected.
)
("C:\Users\Ali\AppData\Local\Programs\MiKTeX 2.9\tex/latex/fontawesome\fontawes
omesymbols-generic.tex")
("C:\Users\Ali\AppData\Local\Programs\MiKTeX 2.9\tex/latex/fontawesome\fontawes
omesymbols-pdftex.tex"))
("C:\Users\Ali\AppData\Local\Programs\MiKTeX 2.9\tex/latex/base\inputenc.sty"
Package: inputenc 2018/08/11 v1.3c Input encoding file
\inpenc@prehook=\toks23
\inpenc@posthook=\toks24
)
("C:\Users\Ali\AppData\Local\Programs\MiKTeX 2.9\tex/latex/base\fontenc.sty"
Package: fontenc 2018/08/11 v2.0j Standard LaTeX package

("C:\Users\Ali\AppData\Local\Programs\MiKTeX 2.9\tex/latex/base\t1enc.def"
File: t1enc.def 2018/08/11 v2.0j Standard LaTeX file
LaTeX Font Info:    Redeclaring font encoding T1 on input line 48.
))
("C:\Users\Ali\AppData\Local\Programs\MiKTeX 2.9\tex/latex/hyperref\hyperref.st
y"
Package: hyperref 2019/06/12 v6.88h Hypertext links for LaTeX

("C:\Users\Ali\AppData\Local\Programs\MiKTeX 2.9\tex/generic/oberdiek\hobsub-hy
perref.sty"
Package: hobsub-hyperref 2016/05/16 v1.14 Bundle oberdiek, subset hyperref (HO)


("C:\Users\Ali\AppData\Local\Programs\MiKTeX 2.9\tex/generic/oberdiek\hobsub-ge
neric.sty"
Package: hobsub-generic 2016/05/16 v1.14 Bundle oberdiek, subset generic (HO)
Package: hobsub 2016/05/16 v1.14 Construct package bundles (HO)
Package: infwarerr 2016/05/16 v1.4 Providing info/warning/error messages (HO)
Package: ltxcmds 2016/05/16 v1.23 LaTeX kernel commands for general use (HO)
Package hobsub Info: Skipping package `ifluatex' (already loaded).
Package hobsub Info: Skipping package `ifvtex' (already loaded).
Package: intcalc 2016/05/16 v1.2 Expandable calculations with integers (HO)
Package hobsub Info: Skipping package `ifpdf' (already loaded).
Package: etexcmds 2016/05/16 v1.6 Avoid name clashes with e-TeX commands (HO)
Package: kvsetkeys 2016/05/16 v1.17 Key value parser (HO)
Package: kvdefinekeys 2016/05/16 v1.4 Define keys (HO)
Package: pdftexcmds 2019/07/25 v0.30 Utility functions of pdfTeX for LuaTeX (HO
)
Package pdftexcmds Info: LuaTeX not detected.
Package pdftexcmds Info: \pdf@primitive is available.
Package pdftexcmds Info: \pdf@ifprimitive is available.
Package pdftexcmds Info: \pdfdraftmode found.
Package: pdfescape 2016/05/16 v1.14 Implements pdfTeX's escape features (HO)
Package: bigintcalc 2016/05/16 v1.4 Expandable calculations on big integers (HO
)
Package: bitset 2016/05/16 v1.2 Handle bit-vector datatype (HO)
Package: uniquecounter 2016/05/16 v1.3 Provide unlimited unique counter (HO)
)
Package hobsub Info: Skipping package `hobsub' (already loaded).
Package: letltxmacro 2016/05/16 v1.5 Let assignment for LaTeX macros (HO)
Package: hopatch 2016/05/16 v1.3 Wrapper for package hooks (HO)
Package: xcolor-patch 2016/05/16 xcolor patch
Package: atveryend 2016/05/16 v1.9 Hooks at the very end of document (HO)
Package atveryend Info: \enddocument detected (standard20110627).
Package: atbegshi 2016/06/09 v1.18 At begin shipout hook (HO)
Package: refcount 2016/05/16 v3.5 Data extraction from label references (HO)
Package: hycolor 2016/05/16 v1.8 Color options for hyperref/bookmark (HO)
)
("C:\Users\Ali\AppData\Local\Programs\MiKTeX 2.9\tex/latex/oberdiek\auxhook.sty
"
Package: auxhook 2016/05/16 v1.4 Hooks for auxiliary files (HO)
)
("C:\Users\Ali\AppData\Local\Programs\MiKTeX 2.9\tex/latex/oberdiek\kvoptions.s
ty"
Package: kvoptions 2016/05/16 v3.12 Key value format for package options (HO)
)
\@linkdim=\dimen128
\Hy@linkcounter=\count104
\Hy@pagecounter=\count105

("C:\Users\Ali\AppData\Local\Programs\MiKTeX 2.9\tex/latex/hyperref\pd1enc.def"
File: pd1enc.def 2019/06/12 v6.88h Hyperref: PDFDocEncoding definition (HO)
Now handling font encoding PD1 ...
... no UTF-8 mapping file for font encoding PD1
)
\Hy@SavedSpaceFactor=\count106

("C:\Users\Ali\AppData\Local\Programs\MiKTeX 2.9\tex/latex/00miktex\hyperref.cf
g"
File: hyperref.cfg 2002/06/06 v1.2 hyperref configuration of TeXLive
)
Package hyperref Info: Hyper figures OFF on input line 4550.
Package hyperref Info: Link nesting OFF on input line 4555.
Package hyperref Info: Hyper index ON on input line 4558.
Package hyperref Info: Plain pages OFF on input line 4565.
Package hyperref Info: Backreferencing OFF on input line 4570.
Package hyperref Info: Implicit mode ON; LaTeX internals redefined.
Package hyperref Info: Bookmarks ON on input line 4803.
\c@Hy@tempcnt=\count107
 ("C:\Users\Ali\AppData\Local\Programs\MiKTeX 2.9\tex/latex/url\url.sty"
\Urlmuskip=\muskip11
Package: url 2013/09/16  ver 3.4  Verb mode for urls, etc.
)
LaTeX Info: Redefining \url on input line 5156.
\XeTeXLinkMargin=\dimen129
\Fld@menulength=\count108
\Field@Width=\dimen130
\Fld@charsize=\dimen131
Package hyperref Info: Hyper figures OFF on input line 6411.
Package hyperref Info: Link nesting OFF on input line 6416.
Package hyperref Info: Hyper index ON on input line 6419.
Package hyperref Info: backreferencing OFF on input line 6426.
Package hyperref Info: Link coloring OFF on input line 6431.
Package hyperref Info: Link coloring with OCG OFF on input line 6436.
Package hyperref Info: PDF/A mode OFF on input line 6441.
LaTeX Info: Redefining \ref on input line 6481.
LaTeX Info: Redefining \pageref on input line 6485.
\Hy@abspage=\count109
\c@Item=\count110
\c@Hfootnote=\count111
)
Package hyperref Info: Driver (autodetected): hpdftex.

("C:\Users\Ali\AppData\Local\Programs\MiKTeX 2.9\tex/latex/hyperref\hpdftex.def
"
File: hpdftex.def 2019/06/12 v6.88h Hyperref driver for pdfTeX
\Fld@listcount=\count112
\c@bookmark@seq@number=\count113

("C:\Users\Ali\AppData\Local\Programs\MiKTeX 2.9\tex/latex/oberdiek\rerunfilech
eck.sty"
Package: rerunfilecheck 2016/05/16 v1.8 Rerun checks for auxiliary files (HO)
Package uniquecounter Info: New unique counter `rerunfilecheck' on input line 2
82.
)
\Hy@SectionHShift=\skip59
)
("C:\Users\Ali\AppData\Local\Programs\MiKTeX 2.9\tex/latex/booktabs\booktabs.st
y"
Package: booktabs 2005/04/14 v1.61803 publication quality tables
\heavyrulewidth=\dimen132
\lightrulewidth=\dimen133
\cmidrulewidth=\dimen134
\belowrulesep=\dimen135
\belowbottomsep=\dimen136
\aboverulesep=\dimen137
\abovetopsep=\dimen138
\cmidrulesep=\dimen139
\cmidrulekern=\dimen140
\defaultaddspace=\dimen141
\@cmidla=\count114
\@cmidlb=\count115
\@aboverulesep=\dimen142
\@belowrulesep=\dimen143
\@thisruleclass=\count116
\@lastruleclass=\count117
\@thisrulewidth=\dimen144
)
("C:\Users\Ali\AppData\Local\Programs\MiKTeX 2.9\tex/latex/amsfonts\amsfonts.st
y"
Package: amsfonts 2013/01/14 v3.01 Basic AMSFonts support
\symAMSa=\mathgroup4
\symAMSb=\mathgroup5
LaTeX Font Info:    Overwriting math alphabet `\mathfrak' in version `bold'
(Font)                  U/euf/m/n --> U/euf/b/n on input line 106.
)
("C:\Users\Ali\AppData\Local\Programs\MiKTeX 2.9\tex/latex/units\nicefrac.sty"
Package: nicefrac 1998/08/04 v0.9b Nice fractions
\L@UnitsRaiseDisplaystyle=\skip60
\L@UnitsRaiseTextstyle=\skip61
\L@UnitsRaiseScriptstyle=\skip62

("C:\Users\Ali\AppData\Local\Programs\MiKTeX 2.9\tex/latex/base\ifthen.sty"
Package: ifthen 2014/09/29 v1.1c Standard LaTeX ifthen package (DPC)
))
("C:\Users\Ali\AppData\Local\Programs\MiKTeX 2.9\tex/latex/microtype\microtype.
sty"
Package: microtype 2019/02/28 v2.7b Micro-typographical refinements (RS)
\MT@toks=\toks25
\MT@count=\count118
LaTeX Info: Redefining \textls on input line 790.
\MT@outer@kern=\dimen145
LaTeX Info: Redefining \textmicrotypecontext on input line 1336.
\MT@listname@count=\count119

("C:\Users\Ali\AppData\Local\Programs\MiKTeX 2.9\tex/latex/microtype\microtype-
pdftex.def"
File: microtype-pdftex.def 2019/02/28 v2.7b Definitions specific to pdftex (RS)

LaTeX Info: Redefining \lsstyle on input line 914.
LaTeX Info: Redefining \lslig on input line 914.
\MT@outer@space=\skip63
)
Package microtype Info: Loading configuration file microtype.cfg.

("C:\Users\Ali\AppData\Local\Programs\MiKTeX 2.9\tex/latex/microtype\microtype.
cfg"
File: microtype.cfg 2019/02/28 v2.7b microtype main configuration file (RS)
))
("C:\Users\Ali\AppData\Local\Programs\MiKTeX 2.9\tex/latex/lipsum\lipsum.sty"
("C:\Users\Ali\AppData\Local\Programs\MiKTeX 2.9\tex/latex/l3kernel\expl3.sty"
Package: expl3 2019-08-14 L3 programming layer (loader) 

("C:\Users\Ali\AppData\Local\Programs\MiKTeX 2.9\tex/latex/l3kernel\expl3-code.
tex"
Package: expl3 2019-08-14 L3 programming layer (code)
\c_max_int=\count120
\l_tmpa_int=\count121
\l_tmpb_int=\count122
\g_tmpa_int=\count123
\g_tmpb_int=\count124
\g__kernel_prg_map_int=\count125
\c__ior_term_noprompt_ior=\count126
\c_log_iow=\count127
\l_iow_line_count_int=\count128
\l__iow_line_target_int=\count129
\l__iow_one_indent_int=\count130
\l__iow_indent_int=\count131
\c_zero_dim=\dimen146
\c_max_dim=\dimen147
\l_tmpa_dim=\dimen148
\l_tmpb_dim=\dimen149
\g_tmpa_dim=\dimen150
\g_tmpb_dim=\dimen151
\c_zero_skip=\skip64
\c_max_skip=\skip65
\l_tmpa_skip=\skip66
\l_tmpb_skip=\skip67
\g_tmpa_skip=\skip68
\g_tmpb_skip=\skip69
\c_zero_muskip=\muskip12
\c_max_muskip=\muskip13
\l_tmpa_muskip=\muskip14
\l_tmpb_muskip=\muskip15
\g_tmpa_muskip=\muskip16
\g_tmpb_muskip=\muskip17
\l_keys_choice_int=\count132
\l__intarray_loop_int=\count133
\c__intarray_sp_dim=\dimen152
\g__intarray_font_int=\count134
\c__fp_leading_shift_int=\count135
\c__fp_middle_shift_int=\count136
\c__fp_trailing_shift_int=\count137
\c__fp_big_leading_shift_int=\count138
\c__fp_big_middle_shift_int=\count139
\c__fp_big_trailing_shift_int=\count140
\c__fp_Bigg_leading_shift_int=\count141
\c__fp_Bigg_middle_shift_int=\count142
\c__fp_Bigg_trailing_shift_int=\count143
\c__kernel_randint_max_int=\count144
\g__fp_array_int=\count145
\l__fp_array_loop_int=\count146
\l__sort_length_int=\count147
\l__sort_min_int=\count148
\l__sort_top_int=\count149
\l__sort_max_int=\count150
\l__sort_true_max_int=\count151
\l__sort_block_int=\count152
\l__sort_begin_int=\count153
\l__sort_end_int=\count154
\l__sort_A_int=\count155
\l__sort_B_int=\count156
\l__sort_C_int=\count157
\l__str_internal_int=\count158
\c__str_replacement_char_int=\count159
\l__tl_analysis_normal_int=\count160
\l__tl_analysis_index_int=\count161
\l__tl_analysis_nesting_int=\count162
\l__tl_analysis_type_int=\count163
\l__regex_internal_a_int=\count164
\l__regex_internal_b_int=\count165
\l__regex_internal_c_int=\count166
\l__regex_balance_int=\count167
\l__regex_group_level_int=\count168
\l__regex_mode_int=\count169
\c__regex_cs_in_class_mode_int=\count170
\c__regex_cs_mode_int=\count171
\l__regex_catcodes_int=\count172
\l__regex_default_catcodes_int=\count173
\c__regex_catcode_D_int=\count174
\c__regex_catcode_S_int=\count175
\c__regex_catcode_L_int=\count176
\c__regex_catcode_O_int=\count177
\c__regex_catcode_A_int=\count178
\c__regex_all_catcodes_int=\count179
\l__regex_show_lines_int=\count180
\l__regex_min_state_int=\count181
\l__regex_max_state_int=\count182
\l__regex_left_state_int=\count183
\l__regex_right_state_int=\count184
\l__regex_capturing_group_int=\count185
\l__regex_min_pos_int=\count186
\l__regex_max_pos_int=\count187
\l__regex_curr_pos_int=\count188
\l__regex_start_pos_int=\count189
\l__regex_success_pos_int=\count190
\l__regex_curr_char_int=\count191
\l__regex_curr_catcode_int=\count192
\l__regex_last_char_int=\count193
\l__regex_case_changed_char_int=\count194
\l__regex_curr_state_int=\count195
\l__regex_step_int=\count196
\l__regex_min_active_int=\count197
\l__regex_max_active_int=\count198
\l__regex_replacement_csnames_int=\count199
\l__regex_match_count_int=\count266
\l__regex_min_submatch_int=\count267
\l__regex_submatch_int=\count268
\l__regex_zeroth_submatch_int=\count269
\g__regex_trace_regex_int=\count270
\c_empty_box=\box31
\l_tmpa_box=\box32
\l_tmpb_box=\box33
\g_tmpa_box=\box34
\g_tmpb_box=\box35
\l__box_top_dim=\dimen153
\l__box_bottom_dim=\dimen154
\l__box_left_dim=\dimen155
\l__box_right_dim=\dimen156
\l__box_top_new_dim=\dimen157
\l__box_bottom_new_dim=\dimen158
\l__box_left_new_dim=\dimen159
\l__box_right_new_dim=\dimen160
\l__box_internal_box=\box36
\l__coffin_internal_box=\box37
\l__coffin_internal_dim=\dimen161
\l__coffin_offset_x_dim=\dimen162
\l__coffin_offset_y_dim=\dimen163
\l__coffin_x_dim=\dimen164
\l__coffin_y_dim=\dimen165
\l__coffin_x_prime_dim=\dimen166
\l__coffin_y_prime_dim=\dimen167
\c_empty_coffin=\box38
\l__coffin_aligned_coffin=\box39
\l__coffin_aligned_internal_coffin=\box40
\l_tmpa_coffin=\box41
\l_tmpb_coffin=\box42
\g_tmpa_coffin=\box43
\g_tmpb_coffin=\box44
\l__coffin_bounding_shift_dim=\dimen168
\l__coffin_left_corner_dim=\dimen169
\l__coffin_right_corner_dim=\dimen170
\l__coffin_bottom_corner_dim=\dimen171
\l__coffin_top_corner_dim=\dimen172
\l__coffin_scaled_total_height_dim=\dimen173
\l__coffin_scaled_width_dim=\dimen174
\c__coffin_empty_coffin=\box45
\l__coffin_display_coffin=\box46
\l__coffin_display_coord_coffin=\box47
\l__coffin_display_pole_coffin=\box48
\l__coffin_display_offset_dim=\dimen175
\l__coffin_display_x_dim=\dimen176
\l__coffin_display_y_dim=\dimen177
\g__file_internal_ior=\read1
\l__seq_internal_a_int=\count271
\l__seq_internal_b_int=\count272
)
("C:\Users\Ali\AppData\Local\Programs\MiKTeX 2.9\tex/latex/l3backend\l3backend-
pdfmode.def"
File: l3backend-pdfmode.def 2019-04-06 v L3 Experimental backend support: PDF m
ode
\l__kernel_color_stack_int=\count273
\l__pdf_internal_box=\box49
))
("C:\Users\Ali\AppData\Local\Programs\MiKTeX 2.9\tex/latex/l3packages/xparse\xp
arse.sty"
Package: xparse 2019-05-28 L3 Experimental document command parser
\l__xparse_current_arg_int=\count274
\g__xparse_grabber_int=\count275
\l__xparse_m_args_int=\count276
\l__xparse_v_nesting_int=\count277
)
Package: lipsum 2019/01/02 v2.2 150 paragraphs of Lorem Ipsum dummy text

("C:\Users\Ali\AppData\Local\Programs\MiKTeX 2.9\tex/latex/lipsum\lipsum.ltd.te
x"
File: lipsum.ltd.tex 2019/01/02 v2.2 The Lorem ipsum dummy text
)) ("C:\Users\Ali\AppData\Local\Programs\MiKTeX 2.9\tex/latex/base\fontenc.sty"
Package: fontenc 2018/08/11 v2.0j Standard LaTeX package
 ("C:\Users\Ali\AppData\Local\Programs\MiKTeX 2.9\tex/latex/base\t1enc.def"
File: t1enc.def 2018/08/11 v2.0j Standard LaTeX file
LaTeX Font Info:    Redeclaring font encoding T1 on input line 48.
))
("C:\Users\Ali\AppData\Local\Programs\MiKTeX 2.9\tex/latex/pgfplots\pgfplots.st
y"
("C:\Users\Ali\AppData\Local\Programs\MiKTeX 2.9\tex/generic/pgfplots\pgfplots.
revision.tex")
Package: pgfplots 2018/03/28 v1.16 Data Visualization (1.16)

("C:\Users\Ali\AppData\Local\Programs\MiKTeX 2.9\tex/latex/graphics\graphicx.st
y"
Package: graphicx 2017/06/01 v1.1a Enhanced LaTeX Graphics (DPC,SPQR)

("C:\Users\Ali\AppData\Local\Programs\MiKTeX 2.9\tex/latex/graphics\graphics.st
y"
Package: graphics 2017/06/25 v1.2c Standard LaTeX Graphics (DPC,SPQR)
 ("C:\Users\Ali\AppData\Local\Programs\MiKTeX 2.9\tex/latex/graphics\trig.sty"
Package: trig 2016/01/03 v1.10 sin cos tan (DPC)
)
("C:\Users\Ali\AppData\Local\Programs\MiKTeX 2.9\tex/latex/graphics-cfg\graphic
s.cfg"
File: graphics.cfg 2016/06/04 v1.11 sample graphics configuration
)
Package graphics Info: Driver file: pdftex.def on input line 99.

("C:\Users\Ali\AppData\Local\Programs\MiKTeX 2.9\tex/latex/graphics-def\pdftex.
def"
File: pdftex.def 2018/01/08 v1.0l Graphics/color driver for pdftex
))
\Gin@req@height=\dimen178
\Gin@req@width=\dimen179
)
("C:\Users\Ali\AppData\Local\Programs\MiKTeX 2.9\tex/latex/pgf/frontendlayer\ti
kz.sty"
("C:\Users\Ali\AppData\Local\Programs\MiKTeX 2.9\tex/latex/pgf/basiclayer\pgf.s
ty"
("C:\Users\Ali\AppData\Local\Programs\MiKTeX 2.9\tex/latex/pgf/utilities\pgfrcs
.sty"
("C:\Users\Ali\AppData\Local\Programs\MiKTeX 2.9\tex/generic/pgf/utilities\pgfu
til-common.tex"
\pgfutil@everybye=\toks26
\pgfutil@tempdima=\dimen180
\pgfutil@tempdimb=\dimen181

("C:\Users\Ali\AppData\Local\Programs\MiKTeX 2.9\tex/generic/pgf/utilities\pgfu
til-common-lists.tex"))
("C:\Users\Ali\AppData\Local\Programs\MiKTeX 2.9\tex/generic/pgf/utilities\pgfu
til-latex.def"
\pgfutil@abb=\box50

("C:\Users\Ali\AppData\Local\Programs\MiKTeX 2.9\tex/latex/ms\everyshi.sty"
Package: everyshi 2001/05/15 v3.00 EveryShipout Package (MS)
))
("C:\Users\Ali\AppData\Local\Programs\MiKTeX 2.9\tex/generic/pgf/utilities\pgfr
cs.code.tex"
("C:\Users\Ali\AppData\Local\Programs\MiKTeX 2.9\tex/generic/pgf\pgf.revision.t
ex")
Package: pgfrcs 2019/08/03 v3.1.4b (3.1.4b)
))
Package: pgf 2019/08/03 v3.1.4b (3.1.4b)

("C:\Users\Ali\AppData\Local\Programs\MiKTeX 2.9\tex/latex/pgf/basiclayer\pgfco
re.sty"
("C:\Users\Ali\AppData\Local\Programs\MiKTeX 2.9\tex/latex/pgf/systemlayer\pgfs
ys.sty"
("C:\Users\Ali\AppData\Local\Programs\MiKTeX 2.9\tex/generic/pgf/systemlayer\pg
fsys.code.tex"
Package: pgfsys 2019/08/03 v3.1.4b (3.1.4b)

("C:\Users\Ali\AppData\Local\Programs\MiKTeX 2.9\tex/generic/pgf/utilities\pgfk
eys.code.tex"
\pgfkeys@pathtoks=\toks27
\pgfkeys@temptoks=\toks28

("C:\Users\Ali\AppData\Local\Programs\MiKTeX 2.9\tex/generic/pgf/utilities\pgfk
eysfiltered.code.tex"
\pgfkeys@tmptoks=\toks29
))
\pgf@x=\dimen182
\pgf@y=\dimen183
\pgf@xa=\dimen184
\pgf@ya=\dimen185
\pgf@xb=\dimen186
\pgf@yb=\dimen187
\pgf@xc=\dimen188
\pgf@yc=\dimen189
\pgf@xd=\dimen190
\pgf@yd=\dimen191
\w@pgf@writea=\write3
\r@pgf@reada=\read2
\c@pgf@counta=\count278
\c@pgf@countb=\count279
\c@pgf@countc=\count280
\c@pgf@countd=\count281
\t@pgf@toka=\toks30
\t@pgf@tokb=\toks31
\t@pgf@tokc=\toks32
\pgf@sys@id@count=\count282

("C:\Users\Ali\AppData\Local\Programs\MiKTeX 2.9\tex/generic/pgf/systemlayer\pg
f.cfg"
File: pgf.cfg 2019/08/03 v3.1.4b (3.1.4b)
)
Driver file for pgf: pgfsys-pdftex.def

("C:\Users\Ali\AppData\Local\Programs\MiKTeX 2.9\tex/generic/pgf/systemlayer\pg
fsys-pdftex.def"
File: pgfsys-pdftex.def 2019/08/03 v3.1.4b (3.1.4b)

("C:\Users\Ali\AppData\Local\Programs\MiKTeX 2.9\tex/generic/pgf/systemlayer\pg
fsys-common-pdf.def"
File: pgfsys-common-pdf.def 2019/08/03 v3.1.4b (3.1.4b)
)))
("C:\Users\Ali\AppData\Local\Programs\MiKTeX 2.9\tex/generic/pgf/systemlayer\pg
fsyssoftpath.code.tex"
File: pgfsyssoftpath.code.tex 2019/08/03 v3.1.4b (3.1.4b)
\pgfsyssoftpath@smallbuffer@items=\count283
\pgfsyssoftpath@bigbuffer@items=\count284
)
("C:\Users\Ali\AppData\Local\Programs\MiKTeX 2.9\tex/generic/pgf/systemlayer\pg
fsysprotocol.code.tex"
File: pgfsysprotocol.code.tex 2019/08/03 v3.1.4b (3.1.4b)
))
("C:\Users\Ali\AppData\Local\Programs\MiKTeX 2.9\tex/latex/xcolor\xcolor.sty"
Package: xcolor 2016/05/11 v2.12 LaTeX color extensions (UK)

("C:\Users\Ali\AppData\Local\Programs\MiKTeX 2.9\tex/latex/graphics-cfg\color.c
fg"
File: color.cfg 2016/01/02 v1.6 sample color configuration
)
Package xcolor Info: Driver file: pdftex.def on input line 225.
Package xcolor Info: Model `cmy' substituted by `cmy0' on input line 1348.
Package xcolor Info: Model `hsb' substituted by `rgb' on input line 1352.
Package xcolor Info: Model `RGB' extended on input line 1364.
Package xcolor Info: Model `HTML' substituted by `rgb' on input line 1366.
Package xcolor Info: Model `Hsb' substituted by `hsb' on input line 1367.
Package xcolor Info: Model `tHsb' substituted by `hsb' on input line 1368.
Package xcolor Info: Model `HSB' substituted by `hsb' on input line 1369.
Package xcolor Info: Model `Gray' substituted by `gray' on input line 1370.
Package xcolor Info: Model `wave' substituted by `hsb' on input line 1371.
)
("C:\Users\Ali\AppData\Local\Programs\MiKTeX 2.9\tex/generic/pgf/basiclayer\pgf
core.code.tex"
Package: pgfcore 2019/08/03 v3.1.4b (3.1.4b)

("C:\Users\Ali\AppData\Local\Programs\MiKTeX 2.9\tex/generic/pgf/math\pgfmath.c
ode.tex"
("C:\Users\Ali\AppData\Local\Programs\MiKTeX 2.9\tex/generic/pgf/math\pgfmathca
lc.code.tex"
("C:\Users\Ali\AppData\Local\Programs\MiKTeX 2.9\tex/generic/pgf/math\pgfmathut
il.code.tex")
("C:\Users\Ali\AppData\Local\Programs\MiKTeX 2.9\tex/generic/pgf/math\pgfmathpa
rser.code.tex"
\pgfmath@dimen=\dimen192
\pgfmath@count=\count285
\pgfmath@box=\box51
\pgfmath@toks=\toks33
\pgfmath@stack@operand=\toks34
\pgfmath@stack@operation=\toks35
)
("C:\Users\Ali\AppData\Local\Programs\MiKTeX 2.9\tex/generic/pgf/math\pgfmathfu
nctions.code.tex"
("C:\Users\Ali\AppData\Local\Programs\MiKTeX 2.9\tex/generic/pgf/math\pgfmathfu
nctions.basic.code.tex")
("C:\Users\Ali\AppData\Local\Programs\MiKTeX 2.9\tex/generic/pgf/math\pgfmathfu
nctions.trigonometric.code.tex")
("C:\Users\Ali\AppData\Local\Programs\MiKTeX 2.9\tex/generic/pgf/math\pgfmathfu
nctions.random.code.tex")
("C:\Users\Ali\AppData\Local\Programs\MiKTeX 2.9\tex/generic/pgf/math\pgfmathfu
nctions.comparison.code.tex")
("C:\Users\Ali\AppData\Local\Programs\MiKTeX 2.9\tex/generic/pgf/math\pgfmathfu
nctions.base.code.tex")
("C:\Users\Ali\AppData\Local\Programs\MiKTeX 2.9\tex/generic/pgf/math\pgfmathfu
nctions.round.code.tex")
("C:\Users\Ali\AppData\Local\Programs\MiKTeX 2.9\tex/generic/pgf/math\pgfmathfu
nctions.misc.code.tex")
("C:\Users\Ali\AppData\Local\Programs\MiKTeX 2.9\tex/generic/pgf/math\pgfmathfu
nctions.integerarithmetics.code.tex")))
("C:\Users\Ali\AppData\Local\Programs\MiKTeX 2.9\tex/generic/pgf/math\pgfmathfl
oat.code.tex"
\c@pgfmathroundto@lastzeros=\count286
))
("C:\Users\Ali\AppData\Local\Programs\MiKTeX 2.9\tex/generic/pgf/math\pgfint.co
de.tex")
("C:\Users\Ali\AppData\Local\Programs\MiKTeX 2.9\tex/generic/pgf/basiclayer\pgf
corepoints.code.tex"
File: pgfcorepoints.code.tex 2019/08/03 v3.1.4b (3.1.4b)
\pgf@picminx=\dimen193
\pgf@picmaxx=\dimen194
\pgf@picminy=\dimen195
\pgf@picmaxy=\dimen196
\pgf@pathminx=\dimen197
\pgf@pathmaxx=\dimen198
\pgf@pathminy=\dimen199
\pgf@pathmaxy=\dimen256
\pgf@xx=\dimen257
\pgf@xy=\dimen258
\pgf@yx=\dimen259
\pgf@yy=\dimen260
\pgf@zx=\dimen261
\pgf@zy=\dimen262
)
("C:\Users\Ali\AppData\Local\Programs\MiKTeX 2.9\tex/generic/pgf/basiclayer\pgf
corepathconstruct.code.tex"
File: pgfcorepathconstruct.code.tex 2019/08/03 v3.1.4b (3.1.4b)
\pgf@path@lastx=\dimen263
\pgf@path@lasty=\dimen264
)
("C:\Users\Ali\AppData\Local\Programs\MiKTeX 2.9\tex/generic/pgf/basiclayer\pgf
corepathusage.code.tex"
File: pgfcorepathusage.code.tex 2019/08/03 v3.1.4b (3.1.4b)
\pgf@shorten@end@additional=\dimen265
\pgf@shorten@start@additional=\dimen266
)
("C:\Users\Ali\AppData\Local\Programs\MiKTeX 2.9\tex/generic/pgf/basiclayer\pgf
corescopes.code.tex"
File: pgfcorescopes.code.tex 2019/08/03 v3.1.4b (3.1.4b)
\pgfpic=\box52
\pgf@hbox=\box53
\pgf@layerbox@main=\box54
\pgf@picture@serial@count=\count287
)
("C:\Users\Ali\AppData\Local\Programs\MiKTeX 2.9\tex/generic/pgf/basiclayer\pgf
coregraphicstate.code.tex"
File: pgfcoregraphicstate.code.tex 2019/08/03 v3.1.4b (3.1.4b)
\pgflinewidth=\dimen267
)
("C:\Users\Ali\AppData\Local\Programs\MiKTeX 2.9\tex/generic/pgf/basiclayer\pgf
coretransformations.code.tex"
File: pgfcoretransformations.code.tex 2019/08/03 v3.1.4b (3.1.4b)
\pgf@pt@x=\dimen268
\pgf@pt@y=\dimen269
\pgf@pt@temp=\dimen270
)
("C:\Users\Ali\AppData\Local\Programs\MiKTeX 2.9\tex/generic/pgf/basiclayer\pgf
corequick.code.tex"
File: pgfcorequick.code.tex 2019/08/03 v3.1.4b (3.1.4b)
)
("C:\Users\Ali\AppData\Local\Programs\MiKTeX 2.9\tex/generic/pgf/basiclayer\pgf
coreobjects.code.tex"
File: pgfcoreobjects.code.tex 2019/08/03 v3.1.4b (3.1.4b)
)
("C:\Users\Ali\AppData\Local\Programs\MiKTeX 2.9\tex/generic/pgf/basiclayer\pgf
corepathprocessing.code.tex"
File: pgfcorepathprocessing.code.tex 2019/08/03 v3.1.4b (3.1.4b)
)
("C:\Users\Ali\AppData\Local\Programs\MiKTeX 2.9\tex/generic/pgf/basiclayer\pgf
corearrows.code.tex"
File: pgfcorearrows.code.tex 2019/08/03 v3.1.4b (3.1.4b)
\pgfarrowsep=\dimen271
)
("C:\Users\Ali\AppData\Local\Programs\MiKTeX 2.9\tex/generic/pgf/basiclayer\pgf
coreshade.code.tex"
File: pgfcoreshade.code.tex 2019/08/03 v3.1.4b (3.1.4b)
\pgf@max=\dimen272
\pgf@sys@shading@range@num=\count288
\pgf@shadingcount=\count289
)
("C:\Users\Ali\AppData\Local\Programs\MiKTeX 2.9\tex/generic/pgf/basiclayer\pgf
coreimage.code.tex"
File: pgfcoreimage.code.tex 2019/08/03 v3.1.4b (3.1.4b)

("C:\Users\Ali\AppData\Local\Programs\MiKTeX 2.9\tex/generic/pgf/basiclayer\pgf
coreexternal.code.tex"
File: pgfcoreexternal.code.tex 2019/08/03 v3.1.4b (3.1.4b)
\pgfexternal@startupbox=\box55
))
("C:\Users\Ali\AppData\Local\Programs\MiKTeX 2.9\tex/generic/pgf/basiclayer\pgf
corelayers.code.tex"
File: pgfcorelayers.code.tex 2019/08/03 v3.1.4b (3.1.4b)
)
("C:\Users\Ali\AppData\Local\Programs\MiKTeX 2.9\tex/generic/pgf/basiclayer\pgf
coretransparency.code.tex"
File: pgfcoretransparency.code.tex 2019/08/03 v3.1.4b (3.1.4b)
)
("C:\Users\Ali\AppData\Local\Programs\MiKTeX 2.9\tex/generic/pgf/basiclayer\pgf
corepatterns.code.tex"
File: pgfcorepatterns.code.tex 2019/08/03 v3.1.4b (3.1.4b)
)
("C:\Users\Ali\AppData\Local\Programs\MiKTeX 2.9\tex/generic/pgf/basiclayer\pgf
corerdf.code.tex"
File: pgfcorerdf.code.tex 2019/08/03 v3.1.4b (3.1.4b)
)))
("C:\Users\Ali\AppData\Local\Programs\MiKTeX 2.9\tex/generic/pgf/modules\pgfmod
uleshapes.code.tex"
File: pgfmoduleshapes.code.tex 2019/08/03 v3.1.4b (3.1.4b)
\pgfnodeparttextbox=\box56
)
("C:\Users\Ali\AppData\Local\Programs\MiKTeX 2.9\tex/generic/pgf/modules\pgfmod
uleplot.code.tex"
File: pgfmoduleplot.code.tex 2019/08/03 v3.1.4b (3.1.4b)
)
("C:\Users\Ali\AppData\Local\Programs\MiKTeX 2.9\tex/latex/pgf/compatibility\pg
fcomp-version-0-65.sty"
Package: pgfcomp-version-0-65 2019/08/03 v3.1.4b (3.1.4b)
\pgf@nodesepstart=\dimen273
\pgf@nodesepend=\dimen274
)
("C:\Users\Ali\AppData\Local\Programs\MiKTeX 2.9\tex/latex/pgf/compatibility\pg
fcomp-version-1-18.sty"
Package: pgfcomp-version-1-18 2019/08/03 v3.1.4b (3.1.4b)
))
("C:\Users\Ali\AppData\Local\Programs\MiKTeX 2.9\tex/latex/pgf/utilities\pgffor
.sty"
("C:\Users\Ali\AppData\Local\Programs\MiKTeX 2.9\tex/latex/pgf/utilities\pgfkey
s.sty"
("C:\Users\Ali\AppData\Local\Programs\MiKTeX 2.9\tex/generic/pgf/utilities\pgfk
eys.code.tex"))
("C:\Users\Ali\AppData\Local\Programs\MiKTeX 2.9\tex/latex/pgf/math\pgfmath.sty
"
("C:\Users\Ali\AppData\Local\Programs\MiKTeX 2.9\tex/generic/pgf/math\pgfmath.c
ode.tex"))
("C:\Users\Ali\AppData\Local\Programs\MiKTeX 2.9\tex/generic/pgf/utilities\pgff
or.code.tex"
Package: pgffor 2019/08/03 v3.1.4b (3.1.4b)

("C:\Users\Ali\AppData\Local\Programs\MiKTeX 2.9\tex/generic/pgf/math\pgfmath.c
ode.tex")
\pgffor@iter=\dimen275
\pgffor@skip=\dimen276
\pgffor@stack=\toks36
\pgffor@toks=\toks37
))
("C:\Users\Ali\AppData\Local\Programs\MiKTeX 2.9\tex/generic/pgf/frontendlayer/
tikz\tikz.code.tex"
Package: tikz 2019/08/03 v3.1.4b (3.1.4b)

("C:\Users\Ali\AppData\Local\Programs\MiKTeX 2.9\tex/generic/pgf/libraries\pgfl
ibraryplothandlers.code.tex"
File: pgflibraryplothandlers.code.tex 2019/08/03 v3.1.4b (3.1.4b)
\pgf@plot@mark@count=\count290
\pgfplotmarksize=\dimen277
)
\tikz@lastx=\dimen278
\tikz@lasty=\dimen279
\tikz@lastxsaved=\dimen280
\tikz@lastysaved=\dimen281
\tikz@lastmovetox=\dimen282
\tikz@lastmovetoy=\dimen283
\tikzleveldistance=\dimen284
\tikzsiblingdistance=\dimen285
\tikz@figbox=\box57
\tikz@figbox@bg=\box58
\tikz@tempbox=\box59
\tikz@tempbox@bg=\box60
\tikztreelevel=\count291
\tikznumberofchildren=\count292
\tikznumberofcurrentchild=\count293
\tikz@fig@count=\count294

("C:\Users\Ali\AppData\Local\Programs\MiKTeX 2.9\tex/generic/pgf/modules\pgfmod
ulematrix.code.tex"
File: pgfmodulematrix.code.tex 2019/08/03 v3.1.4b (3.1.4b)
\pgfmatrixcurrentrow=\count295
\pgfmatrixcurrentcolumn=\count296
\pgf@matrix@numberofcolumns=\count297
)
\tikz@expandcount=\count298

("C:\Users\Ali\AppData\Local\Programs\MiKTeX 2.9\tex/generic/pgf/frontendlayer/
tikz/libraries\tikzlibrarytopaths.code.tex"
File: tikzlibrarytopaths.code.tex 2019/08/03 v3.1.4b (3.1.4b)
)))
("C:\Users\Ali\AppData\Local\Programs\MiKTeX 2.9\tex/generic/pgfplots\pgfplots.
code.tex"
("C:\Users\Ali\AppData\Local\Programs\MiKTeX 2.9\tex/generic/pgfplots\pgfplotsc
ore.code.tex"
\t@pgfplots@toka=\toks38
\t@pgfplots@tokb=\toks39
\t@pgfplots@tokc=\toks40
\pgfplots@tmpa=\dimen286
\c@pgfplots@coordindex=\count299
\c@pgfplots@scanlineindex=\count300

("C:\Users\Ali\AppData\Local\Programs\MiKTeX 2.9\tex/generic/pgfplots/sys\pgfpl
otssysgeneric.code.tex"))
("C:\Users\Ali\AppData\Local\Programs\MiKTeX 2.9\tex/generic/pgfplots/libs\pgfp
lotslibrary.code.tex")
("C:\Users\Ali\AppData\Local\Programs\MiKTeX 2.9\tex/generic/pgfplots/oldpgfcom
patib\pgfplotsoldpgfsupp_loader.code.tex"
("C:\Users\Ali\AppData\Local\Programs\MiKTeX 2.9\tex/generic/pgf/libraries\pgfl
ibraryfpu.code.tex"))
("C:\Users\Ali\AppData\Local\Programs\MiKTeX 2.9\tex/generic/pgfplots/util\pgfp
lotsutil.code.tex"
("C:\Users\Ali\AppData\Local\Programs\MiKTeX 2.9\tex/generic/pgfplots/liststruc
ture\pgfplotsliststructure.code.tex")
("C:\Users\Ali\AppData\Local\Programs\MiKTeX 2.9\tex/generic/pgfplots/liststruc
ture\pgfplotsliststructureext.code.tex")
("C:\Users\Ali\AppData\Local\Programs\MiKTeX 2.9\tex/generic/pgfplots/liststruc
ture\pgfplotsarray.code.tex"
\c@pgfplotsarray@tmp=\count301
)
("C:\Users\Ali\AppData\Local\Programs\MiKTeX 2.9\tex/generic/pgfplots/liststruc
ture\pgfplotsmatrix.code.tex")
("C:\Users\Ali\AppData\Local\Programs\MiKTeX 2.9\tex/generic/pgfplots/numtable\
pgfplotstableshared.code.tex"
\c@pgfplotstable@counta=\count302
\t@pgfplotstable@a=\toks41
)
("C:\Users\Ali\AppData\Local\Programs\MiKTeX 2.9\tex/generic/pgfplots/liststruc
ture\pgfplotsdeque.code.tex")
("C:\Users\Ali\AppData\Local\Programs\MiKTeX 2.9\tex/generic/pgfplots/util\pgfp
lotsbinary.code.tex"
("C:\Users\Ali\AppData\Local\Programs\MiKTeX 2.9\tex/generic/pgfplots/util\pgfp
lotsbinary.data.code.tex"))
("C:\Users\Ali\AppData\Local\Programs\MiKTeX 2.9\tex/generic/pgfplots/util\pgfp
lotsutil.verb.code.tex")
("C:\Users\Ali\AppData\Local\Programs\MiKTeX 2.9\tex/generic/pgfplots/libs\pgfl
ibrarypgfplots.surfshading.code.tex"
\c@pgfplotslibrarysurf@no=\count303

("C:\Users\Ali\AppData\Local\Programs\MiKTeX 2.9\tex/generic/pgfplots/sys\pgfli
brarypgfplots.surfshading.pgfsys-pdftex.def")))
("C:\Users\Ali\AppData\Local\Programs\MiKTeX 2.9\tex/generic/pgfplots/util\pgfp
lotscolormap.code.tex"
("C:\Users\Ali\AppData\Local\Programs\MiKTeX 2.9\tex/generic/pgfplots/util\pgfp
lotscolor.code.tex"))
("C:\Users\Ali\AppData\Local\Programs\MiKTeX 2.9\tex/generic/pgfplots\pgfplotss
tackedplots.code.tex")
("C:\Users\Ali\AppData\Local\Programs\MiKTeX 2.9\tex/generic/pgfplots\pgfplotsp
lothandlers.code.tex"
("C:\Users\Ali\AppData\Local\Programs\MiKTeX 2.9\tex/generic/pgfplots\pgfplotsm
eshplothandler.code.tex"
("C:\Users\Ali\AppData\Local\Programs\MiKTeX 2.9\tex/generic/pgfplots\pgfplotsm
eshplotimage.code.tex")))
("C:\Users\Ali\AppData\Local\Programs\MiKTeX 2.9\tex/generic/pgfplots\pgfplots.
scaling.code.tex")
("C:\Users\Ali\AppData\Local\Programs\MiKTeX 2.9\tex/generic/pgfplots\pgfplotsc
oordprocessing.code.tex")
("C:\Users\Ali\AppData\Local\Programs\MiKTeX 2.9\tex/generic/pgfplots\pgfplots.
errorbars.code.tex")
("C:\Users\Ali\AppData\Local\Programs\MiKTeX 2.9\tex/generic/pgfplots\pgfplots.
markers.code.tex")
("C:\Users\Ali\AppData\Local\Programs\MiKTeX 2.9\tex/generic/pgfplots\pgfplotst
icks.code.tex")
("C:\Users\Ali\AppData\Local\Programs\MiKTeX 2.9\tex/generic/pgfplots\pgfplots.
paths.code.tex")
("C:\Users\Ali\AppData\Local\Programs\MiKTeX 2.9\tex/generic/pgf/frontendlayer/
tikz/libraries\tikzlibrarydecorations.code.tex"
("C:\Users\Ali\AppData\Local\Programs\MiKTeX 2.9\tex/generic/pgf/modules\pgfmod
uledecorations.code.tex"
\pgfdecoratedcompleteddistance=\dimen287
\pgfdecoratedremainingdistance=\dimen288
\pgfdecoratedinputsegmentcompleteddistance=\dimen289
\pgfdecoratedinputsegmentremainingdistance=\dimen290
\pgf@decorate@distancetomove=\dimen291
\pgf@decorate@repeatstate=\count304
\pgfdecorationsegmentamplitude=\dimen292
\pgfdecorationsegmentlength=\dimen293
)
\tikz@lib@dec@box=\box61
)
("C:\Users\Ali\AppData\Local\Programs\MiKTeX 2.9\tex/generic/pgf/frontendlayer/
tikz/libraries\tikzlibrarydecorations.pathmorphing.code.tex"
("C:\Users\Ali\AppData\Local\Programs\MiKTeX 2.9\tex/generic/pgf/libraries/deco
rations\pgflibrarydecorations.pathmorphing.code.tex"))
("C:\Users\Ali\AppData\Local\Programs\MiKTeX 2.9\tex/generic/pgf/frontendlayer/
tikz/libraries\tikzlibrarydecorations.pathreplacing.code.tex"
("C:\Users\Ali\AppData\Local\Programs\MiKTeX 2.9\tex/generic/pgf/libraries/deco
rations\pgflibrarydecorations.pathreplacing.code.tex"))
\pgfplots@numplots=\count305
\pgfplots@xmin@reg=\dimen294
\pgfplots@xmax@reg=\dimen295
\pgfplots@ymin@reg=\dimen296
\pgfplots@ymax@reg=\dimen297
\pgfplots@zmin@reg=\dimen298
\pgfplots@zmax@reg=\dimen299
)
("C:\Users\Ali\AppData\Local\Programs\MiKTeX 2.9\tex/generic/pgf/frontendlayer/
tikz/libraries\tikzlibraryplotmarks.code.tex"
File: tikzlibraryplotmarks.code.tex 2019/08/03 v3.1.4b (3.1.4b)

("C:\Users\Ali\AppData\Local\Programs\MiKTeX 2.9\tex/generic/pgf/libraries\pgfl
ibraryplotmarks.code.tex"
File: pgflibraryplotmarks.code.tex 2019/08/03 v3.1.4b (3.1.4b)
)))
("C:\Users\Ali\AppData\Local\Programs\MiKTeX 2.9\tex/latex/psnfss\mathpazo.sty"
Package: mathpazo 2005/04/12 PSNFSS-v9.2a Palatino w/ Pazo Math (D.Puga, WaS) 
\symupright=\mathgroup6
) ("C:\Users\Ali\AppData\Local\Programs\MiKTeX 2.9\tex/latex/base\fontenc.sty"
Package: fontenc 2018/08/11 v2.0j Standard LaTeX package

("C:\Users\Ali\AppData\Local\Programs\MiKTeX 2.9\tex/latex/base\t1enc.def"
File: t1enc.def 2018/08/11 v2.0j Standard LaTeX file
LaTeX Font Info:    Redeclaring font encoding T1 on input line 48.
))
("C:\Users\Ali\AppData\Local\Programs\MiKTeX 2.9\tex/latex/psnfss\charter.sty"
Package: charter 2005/04/12 PSNFSS-v9.2a (P.Dyballa) 
) ("C:\Users\Ali\AppData\Local\Programs\MiKTeX 2.9\tex/latex/environ\environ.st
y"
Package: environ 2014/05/04 v0.3 A new way to define environments

("C:\Users\Ali\AppData\Local\Programs\MiKTeX 2.9\tex/latex/trimspaces\trimspace
s.sty"
Package: trimspaces 2009/09/17 v1.1 Trim spaces around a token list
))
("C:\Users\Ali\AppData\Local\Programs\MiKTeX 2.9\tex/generic/pgf/frontendlayer/
tikz/libraries\tikzlibrarycalc.code.tex"
File: tikzlibrarycalc.code.tex 2019/08/03 v3.1.4b (3.1.4b)
)
("C:\Users\Ali\AppData\Local\Programs\MiKTeX 2.9\tex/generic/pgf/frontendlayer/
tikz/libraries\tikzlibrarymatrix.code.tex"
File: tikzlibrarymatrix.code.tex 2019/08/03 v3.1.4b (3.1.4b)
)
\c@lines=\count306
\c@vtml=\count307


Package Fancyhdr Warning: \fancyhead's `E' option without twoside option is use
less on input line 126.


Package Fancyhdr Warning: \fancyfoot's `E' option without twoside option is use
less on input line 129.


LaTeX Warning: Unused global option(s):
    [fontsize=17pt].

("Change of Probability Measure of Normal Variable.aux"

LaTeX Warning: Label `equ: SubSND' multiply defined.


LaTeX Warning: Label `equ: SNDevent' multiply defined.


LaTeX Warning: Label `equ: SNDevent' multiply defined.


LaTeX Warning: Label `equ: RadNc' multiply defined.


LaTeX Warning: Label `equ: eefc' multiply defined.

)
\openout1 = `"Change of Probability Measure of Normal Variable.aux"'.

LaTeX Font Info:    Checking defaults for OML/cmm/m/it on input line 145.
LaTeX Font Info:    ... okay on input line 145.
LaTeX Font Info:    Checking defaults for T1/cmr/m/n on input line 145.
LaTeX Font Info:    ... okay on input line 145.
LaTeX Font Info:    Checking defaults for OT1/cmr/m/n on input line 145.
LaTeX Font Info:    ... okay on input line 145.
LaTeX Font Info:    Checking defaults for OMS/cmsy/m/n on input line 145.
LaTeX Font Info:    ... okay on input line 145.
LaTeX Font Info:    Checking defaults for OMX/cmex/m/n on input line 145.
LaTeX Font Info:    ... okay on input line 145.
LaTeX Font Info:    Checking defaults for U/cmr/m/n on input line 145.
LaTeX Font Info:    ... okay on input line 145.
LaTeX Font Info:    Checking defaults for PD1/pdf/m/n on input line 145.
LaTeX Font Info:    ... okay on input line 145.
LaTeX Font Info:    Try loading font information for T1+bch on input line 145.
 ("C:\Users\Ali\AppData\Local\Programs\MiKTeX 2.9\tex/latex/psnfss\t1bch.fd"
File: t1bch.fd 2004/10/18 font definitions for T1/bch.
)
*geometry* driver: auto-detecting
*geometry* detected driver: pdftex
*geometry* verbose mode - [ preamble ] result:
* driver: pdftex
* paper: letterpaper
* layout: <same size as paper>
* layoutoffset:(h,v)=(0.0pt,0.0pt)
* modes: 
* h-part:(L,W,R)=(92.14519pt, 430.00462pt, 92.14519pt)
* v-part:(T,H,B)=(95.39737pt, 556.47656pt, 143.09605pt)
* \paperwidth=614.295pt
* \paperheight=794.96999pt
* \textwidth=430.00462pt
* \textheight=556.47656pt
* \oddsidemargin=19.8752pt
* \evensidemargin=19.8752pt
* \topmargin=-13.87262pt
* \headheight=12.0pt
* \headsep=25.0pt
* \topskip=10.0pt
* \footskip=30.0pt
* \marginparwidth=65.0pt
* \marginparsep=11.0pt
* \columnsep=10.0pt
* \skip\footins=9.0pt plus 4.0pt minus 2.0pt
* \hoffset=0.0pt
* \voffset=0.0pt
* \mag=1000
* \@twocolumnfalse
* \@twosidefalse
* \@mparswitchfalse
* \@reversemarginfalse
* (1in=72.27pt=25.4mm, 1cm=28.453pt)


Package geometry Warning: Over-specification in `v'-direction.
    `height' (650.43pt) is ignored.

*geometry* verbose mode - [ newgeometry ] result:
* driver: pdftex
* paper: letterpaper
* layout: <same size as paper>
* layoutoffset:(h,v)=(0.0pt,0.0pt)
* modes: 
* h-part:(L,W,R)=(61.42938pt, 491.43622pt, 61.4294pt)
* v-part:(T,H,B)=(72.26999pt, 628.74878pt, 93.95122pt)
* \paperwidth=614.295pt
* \paperheight=794.96999pt
* \textwidth=491.43622pt
* \textheight=628.74878pt
* \oddsidemargin=-10.8406pt
* \evensidemargin=-10.8406pt
* \topmargin=-39.0pt
* \headheight=14.0pt
* \headsep=25.0pt
* \topskip=10.0pt
* \footskip=30.0pt
* \marginparwidth=65.0pt
* \marginparsep=11.0pt
* \columnsep=10.0pt
* \skip\footins=9.0pt plus 4.0pt minus 2.0pt
* \hoffset=0.0pt
* \voffset=0.0pt
* \mag=1000
* \@twocolumnfalse
* \@twosidefalse
* \@mparswitchfalse
* \@reversemarginfalse
* (1in=72.27pt=25.4mm, 1cm=28.453pt)

\AtBeginShipoutBox=\box62
Package hyperref Info: Link coloring OFF on input line 145.
("C:\Users\Ali\AppData\Local\Programs\MiKTeX 2.9\tex/latex/hyperref\nameref.sty
"
Package: nameref 2016/05/21 v2.44 Cross-referencing by name of section

("C:\Users\Ali\AppData\Local\Programs\MiKTeX 2.9\tex/generic/oberdiek\gettitles
tring.sty"
Package: gettitlestring 2016/05/16 v1.5 Cleanup title references (HO)
)
\c@section@level=\count308
)
LaTeX Info: Redefining \ref on input line 145.
LaTeX Info: Redefining \pageref on input line 145.
LaTeX Info: Redefining \nameref on input line 145.
 ("Change of Probability Measure of Normal Variable.out")
("Change of Probability Measure of Normal Variable.out")
\@outlinefile=\write4
\openout4 = `"Change of Probability Measure of Normal Variable.out"'.

LaTeX Info: Redefining \microtypecontext on input line 145.
Package microtype Info: Generating PDF output.
Package microtype Info: Character protrusion enabled (level 2).
Package microtype Info: Using default protrusion set `alltext'.
Package microtype Info: Automatic font expansion enabled (level 2),
(microtype)             stretch: 20, shrink: 20, step: 1, non-selected.
Package microtype Info: Using default expansion set `basictext'.
Package microtype Info: No adjustment of tracking.
Package microtype Info: No adjustment of interword spacing.
Package microtype Info: No adjustment of character kerning.

("C:\Users\Ali\AppData\Local\Programs\MiKTeX 2.9\tex/latex/microtype\mt-bch.cfg
"
File: mt-bch.cfg 2007/03/03 v1.5 microtype config. file: Bitstream Charter (RS)

)
("C:\Users\Ali\AppData\Local\Programs\MiKTeX 2.9\tex/context/base/mkii\supp-pdf
.mkii"
[Loading MPS to PDF converter (version 2006.09.02).]
\scratchcounter=\count309
\scratchdimen=\dimen300
\scratchbox=\box63
\nofMPsegments=\count310
\nofMParguments=\count311
\everyMPshowfont=\toks42
\MPscratchCnt=\count312
\MPscratchDim=\dimen301
\MPnumerator=\count313
\makeMPintoPDFobject=\count314
\everyMPtoPDFconversion=\toks43
)
("C:\Users\Ali\AppData\Local\Programs\MiKTeX 2.9\tex/latex/oberdiek\epstopdf-ba
se.sty"
Package: epstopdf-base 2016/05/15 v2.6 Base part for package epstopdf

("C:\Users\Ali\AppData\Local\Programs\MiKTeX 2.9\tex/latex/oberdiek\grfext.sty"
Package: grfext 2016/05/16 v1.2 Manage graphics extensions (HO)
)
Package epstopdf-base Info: Redefining graphics rule for `.eps' on input line 4
38.
Package grfext Info: Graphics extension search list:
(grfext)             [.pdf,.png,.jpg,.mps,.jpeg,.jbig2,.jb2,.PDF,.PNG,.JPG,.JPE
G,.JBIG2,.JB2,.eps]
(grfext)             \AppendGraphicsExtensions on input line 456.
) ABD: EveryShipout initializing macros

Package pgfplots Warning: running in backwards compatibility mode (unsuitable t
ick labels; missing features). Consider writing \pgfplotsset{compat=1.16} into 
your preamble.
 on input line 145.

LaTeX Font Info:    Try loading font information for OT1+ppl on input line 148.

("C:\Users\Ali\AppData\Local\Programs\MiKTeX 2.9\tex/latex/psnfss\ot1ppl.fd"
File: ot1ppl.fd 2001/06/04 font definitions for OT1/ppl.
)
("C:\Users\Ali\AppData\Local\Programs\MiKTeX 2.9\tex/latex/microtype\mt-ppl.cfg
"
File: mt-ppl.cfg 2005/11/16 v1.6 microtype config. file: Palatino (RS)
)
LaTeX Font Info:    Try loading font information for OML+zplm on input line 148
.
 ("C:\Users\Ali\AppData\Local\Programs\MiKTeX 2.9\tex/latex/psnfss\omlzplm.fd"
File: omlzplm.fd 2002/09/08 Fontinst v1.914 font definitions for OML/zplm.
)
LaTeX Font Info:    Try loading font information for OMS+zplm on input line 148
.
 ("C:\Users\Ali\AppData\Local\Programs\MiKTeX 2.9\tex/latex/psnfss\omszplm.fd"
File: omszplm.fd 2002/09/08 Fontinst v1.914 font definitions for OMS/zplm.
)
LaTeX Font Info:    Try loading font information for OMX+zplm on input line 148
.
 ("C:\Users\Ali\AppData\Local\Programs\MiKTeX 2.9\tex/latex/psnfss\omxzplm.fd"
File: omxzplm.fd 2002/09/08 Fontinst v1.914 font definitions for OMX/zplm.
)
LaTeX Font Info:    Font shape `U/msa/m/n' will be
(Font)              scaled to size 10.42007pt on input line 148.

("C:\Users\Ali\AppData\Local\Programs\MiKTeX 2.9\tex/latex/microtype\mt-msa.cfg
"
File: mt-msa.cfg 2006/02/04 v1.1 microtype config. file: AMS symbols (a) (RS)
)
LaTeX Font Info:    Font shape `U/msa/m/n' will be
(Font)              scaled to size 7.91925pt on input line 148.
LaTeX Font Info:    Font shape `U/msa/m/n' will be
(Font)              scaled to size 6.25204pt on input line 148.
LaTeX Font Info:    Font shape `U/msb/m/n' will be
(Font)              scaled to size 10.42007pt on input line 148.

("C:\Users\Ali\AppData\Local\Programs\MiKTeX 2.9\tex/latex/microtype\mt-msb.cfg
"
File: mt-msb.cfg 2005/06/01 v1.0 microtype config. file: AMS symbols (b) (RS)
)
LaTeX Font Info:    Font shape `U/msb/m/n' will be
(Font)              scaled to size 7.91925pt on input line 148.
LaTeX Font Info:    Font shape `U/msb/m/n' will be
(Font)              scaled to size 6.25204pt on input line 148.
LaTeX Font Info:    Try loading font information for OT1+zplm on input line 148
.
 ("C:\Users\Ali\AppData\Local\Programs\MiKTeX 2.9\tex/latex/psnfss\ot1zplm.fd"
File: ot1zplm.fd 2002/09/08 Fontinst v1.914 font definitions for OT1/zplm.
)
Package microtype Info: Loading generic protrusion settings for font family
(microtype)             `zplm' (encoding: OT1).
(microtype)             For optimal results, create family-specific settings.
(microtype)             See the microtype manual for details.
LaTeX Font Info:    Try loading font information for U+fontawesometwo on input 
line 148.

("C:\Users\Ali\AppData\Local\Programs\MiKTeX 2.9\tex/latex/fontawesome\ufontawe
sometwo.fd"
File: ufontawesometwo.fd 2016/05/22 Font definitions for U/fontawesometwo.
)
LaTeX Font Info:    Try loading font information for T1+cmtt on input line 148.


("C:\Users\Ali\AppData\Local\Programs\MiKTeX 2.9\tex/latex/base\t1cmtt.fd"
File: t1cmtt.fd 2014/09/29 v2.5h Standard LaTeX font definitions
)
Package microtype Info: Loading generic protrusion settings for font family
(microtype)             `cmtt' (encoding: T1).
(microtype)             For optimal results, create family-specific settings.
(microtype)             See the microtype manual for details.
LaTeX Font Info:    Font shape `U/msa/m/n' will be
(Font)              scaled to size 9.37807pt on input line 148.
LaTeX Font Info:    Font shape `U/msa/m/n' will be
(Font)              scaled to size 7.29405pt on input line 148.
LaTeX Font Info:    Font shape `U/msa/m/n' will be
(Font)              scaled to size 5.21004pt on input line 148.
LaTeX Font Info:    Font shape `U/msb/m/n' will be
(Font)              scaled to size 9.37807pt on input line 148.
LaTeX Font Info:    Font shape `U/msb/m/n' will be
(Font)              scaled to size 7.29405pt on input line 148.
LaTeX Font Info:    Font shape `U/msb/m/n' will be
(Font)              scaled to size 5.21004pt on input line 148.
<_images_tables_figures/sur5.jpg, id=45, 784.1295pt x 743.6583pt>
File: _images_tables_figures/sur5.jpg Graphic file (type jpg)
<use _images_tables_figures/sur5.jpg>
Package pdftex.def Info: _images_tables_figures/sur5.jpg  used on input line 15
3.
(pdftex.def)             Requested size: 313.64624pt x 297.45804pt.

[1


{C:/Users/Ali/AppData/Local/MiKTeX/2.9/pdftex/config/pdftex.map} <./_images_tab
les_figures/sur5.jpg>] ("Change of Probability Measure of Normal Variable.toc")
\tf@toc=\write5
\openout5 = `"Change of Probability Measure of Normal Variable.toc"'.



Package Fancyhdr Warning: \headheight is too small (14.0pt): 
Make it at least 19.29755pt.
We now make it that large for the rest of the document.
This may cause the page layout to be inconsistent, however.

[2] [3] [4] [5]
LaTeX Font Info:    Try loading font information for OMS+bch on input line 342.


("C:\Users\Ali\AppData\Local\Programs\MiKTeX 2.9\tex/latex/psnfss\omsbch.fd"
File: omsbch.fd 
)
LaTeX Font Info:    Font shape `OMS/bch/m/n' in size <10> not available
(Font)              Font shape `OMS/cmsy/m/n' tried instead on input line 342.

[6]
Underfull \vbox (badness 1019) has occurred while \output is active []

 [7]
[8] [9] [10] [11] [12] [13]
Package atveryend Info: Empty hook `BeforeClearDocument' on input line 684.
Package atveryend Info: Empty hook `AfterLastShipout' on input line 684.

("Change of Probability Measure of Normal Variable.aux")
Package atveryend Info: Executing hook `AtVeryEndDocument' on input line 684.
Package atveryend Info: Executing hook `AtEndAfterFileList' on input line 684.
Package rerunfilecheck Info: File `"Change of Probability Measure of Normal Var
iable".out' has not changed.
(rerunfilecheck)             Checksum: AEE59D24CAD2B9D5513636D5BE1B6A13;624.


LaTeX Warning: There were multiply-defined labels.

Package atveryend Info: Empty hook `AtVeryVeryEnd' on input line 684.
 ) 
Here is how much of TeX's memory you used:
 41378 strings out of 492895
 940915 string characters out of 3124669
 1453454 words of memory out of 3000000
 44458 multiletter control sequences out of 15000+200000
 622986 words of font info for 220 fonts, out of 3000000 for 9000
 1141 hyphenation exceptions out of 8191
 62i,14n,100p,1775b,2210s stack positions out of 5000i,500n,10000p,200000b,50000s
{C:/Users/Ali/AppData/Local/Programs/MiKTeX 2.9/fonts/enc/dvips/base/8r.enc} 
<C:\Users\Ali\AppData\Local\MiKTeX\2.9\fonts/pk/ljfour/jknappen/ec/dpi600\ectt1
000.pk>{C:/Users/Ali/AppData/Local/Programs/MiKTeX 2.9/fonts/enc/dvips/fontawes
ome/fontawesometwo.enc}<C:/Users/Ali/AppData/Local/Programs/MiKTeX 2.9/fonts/ty
pe1/public/fontawesome/FontAwesome.pfb><C:/Users/Ali/AppData/Local/Programs/MiK
TeX 2.9/fonts/type1/bitstrea/charter/bchb8a.pfb><C:/Users/Ali/AppData/Local/Pro
grams/MiKTeX 2.9/fonts/type1/bitstrea/charter/bchbi8a.pfb><C:/Users/Ali/AppData
/Local/Programs/MiKTeX 2.9/fonts/type1/bitstrea/charter/bchr8a.pfb><C:/Users/Al
i/AppData/Local/Programs/MiKTeX 2.9/fonts/type1/bitstrea/charter/bchri8a.pfb><C
:/Users/Ali/AppData/Local/Programs/MiKTeX 2.9/fonts/type1/public/amsfonts/cm/cm
ex10.pfb><C:/Users/Ali/AppData/Local/Programs/MiKTeX 2.9/fonts/type1/public/ams
fonts/cm/cmmi10.pfb><C:/Users/Ali/AppData/Local/Programs/MiKTeX 2.9/fonts/type1
/public/amsfonts/cm/cmr10.pfb><C:/Users/Ali/AppData/Local/Programs/MiKTeX 2.9/f
onts/type1/public/amsfonts/cm/cmsy10.pfb><C:/Users/Ali/AppData/Local/Programs/M
iKTeX 2.9/fonts/type1/public/mathpazo/fplmr.pfb><C:/Users/Ali/AppData/Local/Pro
grams/MiKTeX 2.9/fonts/type1/public/mathpazo/fplmri.pfb><C:/Users/Ali/AppData/L
ocal/Programs/MiKTeX 2.9/fonts/type1/urw/palatino/uplr8a.pfb><C:/Users/Ali/AppD
ata/Local/Programs/MiKTeX 2.9/fonts/type1/urw/palatino/uplri8a.pfb>
Output written on "Change of Probability Measure of Normal Variable.pdf" (13 pa
ges, 1453336 bytes).
PDF statistics:
 284 PDF objects out of 1000 (max. 8388607)
 90 named destinations out of 1000 (max. 500000)
 36442 words of extra memory for PDF output out of 42996 (max. 10000000)

